生成启动时间为 2012/12/26 19:42:19。
     1>项目“F:\大一上\计算概论\黑白棋3.0\黑白棋3.0\黑白棋3.0.vcxproj”在节点 2 上(build 个目标)。
     1>InitializeBuildStatus:
         正在创建“Debug\黑白棋3.0.unsuccessfulbuild”，因为已指定“AlwaysCreate”。
       ClCompile:
         D:\visual c++ 6.0\VC\bin\CL.exe /c /ZI /nologo /W3 /WX- /Od /Oy- /D _UNICODE /D UNICODE /Gm /EHsc /RTC1 /MDd /GS /fp:precise /Zc:wchar_t /Zc:forScope /Fo"Debug\\" /Fd"Debug\vc100.pdb" /Gd /TP /analyze- /errorReport:prompt "黑白棋3.cpp"
         黑白棋3.cpp
     1>f:\大一上\计算概论\黑白棋3.0\黑白棋3.0\function.h(658): warning C4715: “value”: 不是所有的控件路径都返回值
       Link:
         D:\visual c++ 6.0\VC\bin\link.exe /ERRORREPORT:PROMPT /OUT:"F:\大一上\计算概论\黑白棋3.0\Debug\黑白棋3.0.exe" /NOLOGO kernel32.lib user32.lib gdi32.lib winspool.lib comdlg32.lib advapi32.lib shell32.lib ole32.lib oleaut32.lib uuid.lib odbc32.lib odbccp32.lib /MANIFEST /ManifestFile:"Debug\黑白棋3.0.exe.intermediate.manifest" /MANIFESTUAC:"level='asInvoker' uiAccess='false'" /DEBUG /PDB:"F:\大一上\计算概论\黑白棋3.0\Debug\黑白棋3.0.pdb" /TLBID:1 /DYNAMICBASE /NXCOMPAT /IMPLIB:"F:\大一上\计算概论\黑白棋3.0\Debug\黑白棋3.0.lib" /MACHINE:X86 "Debug\黑白棋3.obj"
         LINK : 没有找到 F:\大一上\计算概论\黑白棋3.0\Debug\黑白棋3.0.exe 或上一个增量链接没有生成它；正在执行完全链接
         黑白棋3.0.vcxproj -> F:\大一上\计算概论\黑白棋3.0\Debug\黑白棋3.0.exe
       Manifest:
         c:\Program Files (x86)\Microsoft SDKs\Windows\v7.0A\bin\mt.exe /nologo /verbose /outputresource:"F:\大一上\计算概论\黑白棋3.0\Debug\黑白棋3.0.exe;#1" /manifest "Debug\黑白棋3.0.exe.intermediate.manifest"
       FinalizeBuildStatus:
         正在删除文件“Debug\黑白棋3.0.unsuccessfulbuild”。
         正在对“Debug\黑白棋3.0.lastbuildstate”执行 Touch 任务。
     1>已完成生成项目“F:\大一上\计算概论\黑白棋3.0\黑白棋3.0\黑白棋3.0.vcxproj”(build 个目标)的操作。

生成成功。

已用时间 00:00:00.87
